TN:
SF:D:/var/www/budgalope/web/src/polyfills.ts
FNF:0
FNH:0
DA:69,1
LF:1
LH:1
BRF:0
BRH:0
end_of_record
TN:
SF:D:/var/www/budgalope/web/src/test.ts
FN:20,(anonymous_0)
FNF:1
FNH:1
FNDA:1,(anonymous_0)
DA:20,1
DA:23,1
DA:28,1
DA:30,1
DA:32,1
LF:5
LH:5
BRF:0
BRH:0
end_of_record
TN:
SF:D:/var/www/budgalope/web/src/app/app.component.ts
FN:12,(anonymous_3)
FN:14,(anonymous_4)
FNF:2
FNH:1
FNDA:2,(anonymous_3)
FNDA:0,(anonymous_4)
DA:9,1
DA:10,2
DA:12,2
DA:15,0
LF:4
LH:3
BRF:0
BRH:0
end_of_record
TN:
SF:D:/var/www/budgalope/web/src/app/accounts/account.service.ts
FN:13,(anonymous_2)
FN:20,(anonymous_3)
FN:26,(anonymous_4)
FN:38,(anonymous_5)
FN:44,(anonymous_6)
FN:51,(anonymous_7)
FN:55,(anonymous_8)
FN:61,(anonymous_9)
FN:62,(anonymous_10)
FN:69,(anonymous_11)
FN:70,(anonymous_12)
FNF:11
FNH:0
FNDA:0,(anonymous_2)
FNDA:0,(anonymous_3)
FNDA:0,(anonymous_4)
FNDA:0,(anonymous_5)
FNDA:0,(anonymous_6)
FNDA:0,(anonymous_7)
FNDA:0,(anonymous_8)
FNDA:0,(anonymous_9)
FNDA:0,(anonymous_10)
FNDA:0,(anonymous_11)
FNDA:0,(anonymous_12)
DA:12,1
DA:14,0
DA:17,0
DA:24,0
DA:27,0
DA:28,0
DA:29,0
DA:42,0
DA:45,0
DA:46,0
DA:56,0
DA:57,0
DA:62,0
DA:63,0
DA:64,0
DA:65,0
DA:70,0
DA:71,0
DA:74,0
DA:75,0
DA:76,0
LF:21
LH:1
BRF:0
BRH:0
end_of_record
TN:
SF:D:/var/www/budgalope/web/src/app/accounts/account/account.component.ts
FN:28,(anonymous_12)
FN:36,(anonymous_13)
FN:37,(anonymous_14)
FN:37,(anonymous_15)
FN:47,(anonymous_16)
FN:55,(anonymous_17)
FN:67,(anonymous_18)
FN:69,(anonymous_19)
FN:78,(anonymous_20)
FNF:9
FNH:0
FNDA:0,(anonymous_12)
FNDA:0,(anonymous_13)
FNDA:0,(anonymous_14)
FNDA:0,(anonymous_15)
FNDA:0,(anonymous_16)
FNDA:0,(anonymous_17)
FNDA:0,(anonymous_18)
FNDA:0,(anonymous_19)
FNDA:0,(anonymous_20)
DA:17,1
DA:29,0
DA:30,0
DA:31,0
DA:32,0
DA:33,0
DA:37,0
DA:38,0
DA:39,0
DA:40,0
DA:42,0
DA:48,0
DA:49,0
DA:51,0
DA:56,0
DA:57,0
DA:63,0
DA:68,0
DA:69,0
DA:70,0
DA:79,0
LF:21
LH:1
BRDA:39,0,0,0
BRDA:39,0,1,0
BRDA:48,1,0,0
BRDA:48,1,1,0
BRDA:56,2,0,0
BRDA:56,2,1,0
BRF:6
BRH:0
end_of_record
TN:
SF:D:/var/www/budgalope/web/src/app/budgets/budget.service.ts
FN:17,(anonymous_9)
FN:28,(anonymous_10)
FN:30,(anonymous_11)
FN:36,(anonymous_12)
FN:48,(anonymous_13)
FN:71,(anonymous_15)
FN:74,(anonymous_16)
FN:76,(anonymous_17)
FN:96,(anonymous_18)
FN:110,(anonymous_19)
FN:119,(anonymous_20)
FN:132,(anonymous_21)
FN:144,(anonymous_22)
FNF:13
FNH:8
FNDA:8,(anonymous_9)
FNDA:2,(anonymous_10)
FNDA:1,(anonymous_11)
FNDA:1,(anonymous_12)
FNDA:0,(anonymous_13)
FNDA:0,(anonymous_15)
FNDA:0,(anonymous_16)
FNDA:0,(anonymous_17)
FNDA:0,(anonymous_18)
FNDA:6,(anonymous_19)
FNDA:6,(anonymous_20)
FNDA:6,(anonymous_21)
FNDA:6,(anonymous_22)
DA:14,1
DA:18,8
DA:19,8
DA:20,8
DA:21,8
DA:22,8
DA:25,8
DA:29,2
DA:32,1
DA:37,1
DA:38,0
DA:40,1
DA:45,2
DA:49,0
DA:50,0
DA:51,0
DA:52,0
DA:54,0
DA:58,0
DA:60,0
DA:61,0
DA:72,0
DA:74,0
DA:75,0
DA:77,0
DA:78,0
DA:80,0
DA:81,0
DA:88,0
DA:89,0
DA:90,0
DA:92,0
DA:94,0
DA:97,0
DA:112,6
DA:113,6
DA:115,6
DA:120,6
DA:121,6
DA:124,6
DA:125,6
DA:129,6
DA:130,6
DA:132,6
DA:134,6
DA:135,6
DA:136,5
DA:137,5
DA:141,6
DA:145,6
DA:146,6
DA:147,4
DA:149,6
DA:150,6
DA:154,6
LF:55
LH:33
BRDA:37,0,0,0
BRDA:37,0,1,1
BRDA:80,1,0,0
BRDA:80,1,1,0
BRDA:88,2,0,0
BRDA:88,2,1,0
BRDA:135,3,0,5
BRDA:135,3,1,1
BRDA:146,4,0,4
BRDA:146,4,1,2
BRF:10
BRH:5
end_of_record
TN:
SF:D:/var/www/budgalope/web/src/app/budgetview/budgetview.component.ts
FN:44,(anonymous_3)
FN:54,(anonymous_4)
FN:60,(anonymous_5)
FN:67,(anonymous_6)
FN:83,(anonymous_7)
FN:87,(anonymous_8)
FN:104,(anonymous_9)
FN:106,(anonymous_10)
FN:120,(anonymous_11)
FN:131,(anonymous_12)
FN:132,(anonymous_13)
FN:134,(anonymous_14)
FN:146,(anonymous_15)
FN:168,(anonymous_16)
FN:172,(anonymous_17)
FN:176,(anonymous_18)
FN:180,(anonymous_19)
FN:188,(anonymous_20)
FN:193,(anonymous_21)
FN:198,(anonymous_22)
FN:214,(anonymous_23)
FN:226,(anonymous_24)
FN:226,(anonymous_25)
FN:229,(anonymous_26)
FN:231,(anonymous_27)
FN:241,(anonymous_28)
FN:242,(anonymous_29)
FN:259,(anonymous_30)
FN:263,(anonymous_31)
FN:266,(anonymous_32)
FN:270,(anonymous_33)
FN:275,(anonymous_34)
FN:279,(anonymous_35)
FN:283,(anonymous_36)
FNF:34
FNH:12
FNDA:4,(anonymous_3)
FNDA:4,(anonymous_4)
FNDA:4,(anonymous_5)
FNDA:8,(anonymous_6)
FNDA:4,(anonymous_7)
FNDA:4,(anonymous_8)
FNDA:4,(anonymous_9)
FNDA:4,(anonymous_10)
FNDA:0,(anonymous_11)
FNDA:4,(anonymous_12)
FNDA:4,(anonymous_13)
FNDA:0,(anonymous_14)
FNDA:8,(anonymous_15)
FNDA:0,(anonymous_16)
FNDA:0,(anonymous_17)
FNDA:0,(anonymous_18)
FNDA:0,(anonymous_19)
FNDA:0,(anonymous_20)
FNDA:0,(anonymous_21)
FNDA:0,(anonymous_22)
FNDA:0,(anonymous_23)
FNDA:0,(anonymous_24)
FNDA:0,(anonymous_25)
FNDA:0,(anonymous_26)
FNDA:0,(anonymous_27)
FNDA:12,(anonymous_28)
FNDA:0,(anonymous_29)
FNDA:0,(anonymous_30)
FNDA:0,(anonymous_31)
FNDA:0,(anonymous_32)
FNDA:0,(anonymous_33)
FNDA:0,(anonymous_34)
FNDA:0,(anonymous_35)
FNDA:0,(anonymous_36)
DA:20,1
DA:21,4
DA:26,4
DA:28,4
DA:29,4
DA:35,4
DA:37,4
DA:38,4
DA:39,4
DA:40,4
DA:45,4
DA:46,4
DA:47,4
DA:48,4
DA:49,4
DA:50,4
DA:51,4
DA:55,4
DA:57,4
DA:61,4
DA:62,4
DA:64,4
DA:67,4
DA:68,8
DA:70,8
DA:71,8
DA:74,8
DA:75,8
DA:84,4
DA:88,4
DA:89,4
DA:90,12
DA:91,12
DA:95,12
DA:105,4
DA:107,4
DA:109,4
DA:110,4
DA:116,4
DA:117,4
DA:121,0
DA:124,4
DA:132,4
DA:134,4
DA:135,4
DA:136,4
DA:138,4
DA:148,8
DA:149,4
DA:150,4
DA:152,4
DA:153,4
DA:157,4
DA:161,4
DA:163,4
DA:164,4
DA:169,0
DA:173,0
DA:177,0
DA:181,0
DA:183,0
DA:188,0
DA:189,0
DA:190,0
DA:191,0
DA:193,0
DA:194,0
DA:195,0
DA:197,0
DA:199,0
DA:200,0
DA:202,0
DA:203,0
DA:204,0
DA:206,0
DA:208,0
DA:212,0
DA:214,0
DA:215,0
DA:216,0
DA:217,0
DA:218,0
DA:221,0
DA:223,0
DA:224,0
DA:225,0
DA:226,0
DA:230,0
DA:231,0
DA:232,0
DA:234,0
DA:235,0
DA:236,0
DA:242,12
DA:243,0
DA:244,0
DA:247,0
DA:252,0
DA:253,0
DA:260,0
DA:264,0
DA:267,0
DA:271,0
DA:276,0
DA:280,0
DA:284,0
DA:286,0
DA:287,0
DA:288,0
DA:290,0
DA:293,0
DA:294,0
DA:296,0
DA:297,0
DA:298,0
DA:299,0
LF:116
LH:56
BRDA:70,0,0,8
BRDA:70,0,1,0
BRDA:74,1,0,8
BRDA:74,1,1,0
BRDA:74,2,0,8
BRDA:74,2,1,8
BRDA:90,3,0,12
BRDA:90,3,1,0
BRDA:109,4,0,4
BRDA:109,4,1,0
BRDA:148,5,0,4
BRDA:148,5,1,4
BRDA:199,6,0,0
BRDA:199,6,1,0
BRDA:203,7,0,0
BRDA:203,7,1,0
BRDA:216,8,0,0
BRDA:216,8,1,0
BRDA:234,9,0,0
BRDA:234,9,1,0
BRDA:243,10,0,0
BRDA:243,10,1,0
BRDA:247,11,0,0
BRDA:247,11,1,0
BRDA:247,12,0,0
BRDA:247,12,1,0
BRDA:276,13,0,0
BRDA:276,13,1,0
BRDA:286,14,0,0
BRDA:286,14,1,0
BRDA:286,15,0,0
BRDA:286,15,1,0
BRDA:287,16,0,0
BRDA:287,16,1,0
BRDA:293,17,0,0
BRDA:293,17,1,0
BRDA:297,18,0,0
BRDA:297,18,1,0
BRDA:297,19,0,0
BRDA:297,19,1,0
BRF:40
BRH:8
end_of_record
TN:
SF:D:/var/www/budgalope/web/src/app/categories/category.service.ts
FN:12,(anonymous_9)
FN:19,(anonymous_10)
FN:42,(anonymous_12)
FN:50,(anonymous_14)
FN:51,(anonymous_15)
FN:57,(anonymous_16)
FN:58,(anonymous_17)
FNF:7
FNH:0
FNDA:0,(anonymous_9)
FNDA:0,(anonymous_10)
FNDA:0,(anonymous_12)
FNDA:0,(anonymous_14)
FNDA:0,(anonymous_15)
FNDA:0,(anonymous_16)
FNDA:0,(anonymous_17)
DA:11,1
DA:14,0
DA:16,0
DA:25,0
DA:26,0
DA:27,0
DA:29,0
DA:30,0
DA:32,0
DA:33,0
DA:38,0
DA:39,0
DA:43,0
DA:44,0
DA:45,0
DA:46,0
DA:51,0
DA:52,0
DA:53,0
DA:54,0
DA:58,0
DA:59,0
DA:60,0
DA:61,0
DA:66,0
LF:25
LH:1
BRDA:26,0,0,0
BRDA:26,0,1,0
BRDA:32,1,0,0
BRDA:32,1,1,0
BRF:4
BRH:0
end_of_record
TN:
SF:D:/var/www/budgalope/web/src/app/categories/category/category.component.ts
FN:30,(anonymous_3)
FN:38,(anonymous_4)
FN:40,(anonymous_5)
FN:44,(anonymous_6)
FN:51,(anonymous_7)
FN:58,(anonymous_8)
FN:60,(anonymous_9)
FN:65,(anonymous_10)
FN:66,(anonymous_11)
FN:75,(anonymous_12)
FN:98,(anonymous_13)
FN:110,(anonymous_14)
FN:116,(anonymous_15)
FNF:13
FNH:9
FNDA:7,(anonymous_3)
FNDA:3,(anonymous_4)
FNDA:5,(anonymous_5)
FNDA:3,(anonymous_6)
FNDA:3,(anonymous_7)
FNDA:3,(anonymous_8)
FNDA:0,(anonymous_9)
FNDA:3,(anonymous_10)
FNDA:0,(anonymous_11)
FNDA:2,(anonymous_12)
FNDA:0,(anonymous_13)
FNDA:0,(anonymous_14)
FNDA:1,(anonymous_15)
DA:18,1
DA:19,7
DA:27,7
DA:31,7
DA:32,7
DA:33,7
DA:34,7
DA:35,7
DA:40,3
DA:41,5
DA:44,3
DA:45,3
DA:46,3
DA:47,3
DA:48,3
DA:52,3
DA:59,3
DA:60,3
DA:64,3
DA:66,3
DA:67,0
DA:68,0
DA:69,0
DA:76,2
DA:78,2
DA:79,0
DA:80,0
DA:82,2
DA:83,2
DA:85,2
DA:87,2
DA:88,1
DA:98,0
DA:101,1
DA:102,1
DA:110,0
DA:117,1
LF:37
LH:30
BRDA:47,0,0,3
BRDA:47,0,1,0
BRDA:78,1,0,0
BRDA:78,1,1,2
BRDA:78,2,0,2
BRDA:78,2,1,0
BRDA:87,3,0,1
BRDA:87,3,1,1
BRF:8
BRH:5
end_of_record
TN:
SF:D:/var/www/budgalope/web/src/app/core/analytics.service.ts
FN:12,(anonymous_2)
FN:20,(anonymous_3)
FNF:2
FNH:0
FNDA:0,(anonymous_2)
FNDA:0,(anonymous_3)
DA:10,1
DA:13,0
DA:14,0
DA:15,0
DA:16,0
DA:17,0
DA:21,0
DA:22,0
LF:8
LH:1
BRF:0
BRH:0
end_of_record
TN:
SF:D:/var/www/budgalope/web/src/app/core/home/home.component.ts
FN:34,(anonymous_3)
FN:29,(anonymous_4)
FN:46,(anonymous_5)
FN:52,(anonymous_6)
FN:57,(anonymous_7)
FN:62,(anonymous_8)
FN:66,(anonymous_9)
FN:71,(anonymous_10)
FN:78,(anonymous_11)
FNF:9
FNH:5
FNDA:4,(anonymous_3)
FNDA:16,(anonymous_4)
FNDA:4,(anonymous_5)
FNDA:4,(anonymous_6)
FNDA:4,(anonymous_7)
FNDA:0,(anonymous_8)
FNDA:0,(anonymous_9)
FNDA:0,(anonymous_10)
FNDA:0,(anonymous_11)
DA:19,1
DA:23,4
DA:25,4
DA:26,4
DA:27,4
DA:29,16
DA:31,4
DA:35,4
DA:36,4
DA:37,4
DA:38,4
DA:39,4
DA:40,4
DA:42,4
DA:43,4
DA:47,4
DA:48,4
DA:49,4
DA:53,4
DA:58,4
DA:59,4
DA:63,0
DA:67,0
DA:68,0
DA:72,0
DA:78,0
DA:79,0
LF:27
LH:21
BRF:0
BRH:0
end_of_record
TN:
SF:D:/var/www/budgalope/web/src/app/shared/account.ts
FN:1,(anonymous_0)
FNF:1
FNH:1
FNDA:1,(anonymous_0)
DA:1,1
DA:2,1
DA:3,1
LF:3
LH:3
BRDA:1,0,0,1
BRDA:1,0,1,1
BRF:2
BRH:2
end_of_record
TN:
SF:D:/var/www/budgalope/web/src/app/shared/auth.service.ts
FN:11,(anonymous_2)
FN:12,(anonymous_3)
FN:17,(anonymous_4)
FN:21,(anonymous_5)
FN:25,(anonymous_6)
FNF:5
FNH:4
FNDA:5,(anonymous_2)
FNDA:5,(anonymous_3)
FNDA:8,(anonymous_4)
FNDA:0,(anonymous_5)
FNDA:8,(anonymous_6)
DA:8,1
DA:9,5
DA:11,5
DA:12,5
DA:13,5
DA:18,8
DA:22,0
DA:26,8
LF:8
LH:7
BRDA:22,0,0,0
BRDA:22,0,1,0
BRDA:26,1,0,8
BRDA:26,1,1,0
BRF:4
BRH:1
end_of_record
TN:
SF:D:/var/www/budgalope/web/src/app/shared/user.service.ts
FN:19,(anonymous_2)
FN:28,(anonymous_3)
FN:36,(anonymous_4)
FN:45,(anonymous_5)
FN:48,(anonymous_6)
FN:51,(anonymous_7)
FN:56,(anonymous_8)
FN:60,(anonymous_9)
FN:63,(anonymous_10)
FN:68,(anonymous_11)
FN:71,(anonymous_12)
FN:74,(anonymous_13)
FN:80,(anonymous_14)
FN:82,(anonymous_15)
FN:93,(anonymous_16)
FN:108,(anonymous_17)
FNF:16
FNH:0
FNDA:0,(anonymous_2)
FNDA:0,(anonymous_3)
FNDA:0,(anonymous_4)
FNDA:0,(anonymous_5)
FNDA:0,(anonymous_6)
FNDA:0,(anonymous_7)
FNDA:0,(anonymous_8)
FNDA:0,(anonymous_9)
FNDA:0,(anonymous_10)
FNDA:0,(anonymous_11)
FNDA:0,(anonymous_12)
FNDA:0,(anonymous_13)
FNDA:0,(anonymous_14)
FNDA:0,(anonymous_15)
FNDA:0,(anonymous_16)
FNDA:0,(anonymous_17)
DA:15,1
DA:16,0
DA:20,0
DA:21,0
DA:22,0
DA:24,0
DA:25,0
DA:32,0
DA:33,0
DA:37,0
DA:38,0
DA:41,0
DA:42,0
DA:46,0
DA:49,0
DA:52,0
DA:57,0
DA:61,0
DA:64,0
DA:69,0
DA:70,0
DA:72,0
DA:75,0
DA:81,0
DA:83,0
DA:94,0
DA:95,0
DA:97,0
DA:99,0
DA:105,0
LF:30
LH:1
BRDA:37,0,0,0
BRDA:37,0,1,0
BRDA:94,1,0,0
BRDA:94,1,1,0
BRF:4
BRH:0
end_of_record
TN:
SF:D:/var/www/budgalope/web/src/app/store/entity/account-data.service.ts
FN:17,(anonymous_2)
FN:25,(anonymous_3)
FN:30,(anonymous_4)
FN:36,(anonymous_5)
FN:37,(anonymous_6)
FN:46,(anonymous_7)
FN:52,(anonymous_8)
FN:60,(anonymous_9)
FN:64,(anonymous_10)
FN:68,(anonymous_11)
FN:69,(anonymous_12)
FN:78,(anonymous_13)
FN:84,(anonymous_14)
FN:87,(anonymous_15)
FNF:14
FNH:2
FNDA:1,(anonymous_2)
FNDA:1,(anonymous_3)
FNDA:0,(anonymous_4)
FNDA:0,(anonymous_5)
FNDA:0,(anonymous_6)
FNDA:0,(anonymous_7)
FNDA:0,(anonymous_8)
FNDA:0,(anonymous_9)
FNDA:0,(anonymous_10)
FNDA:0,(anonymous_11)
FNDA:0,(anonymous_12)
FNDA:0,(anonymous_13)
FNDA:0,(anonymous_14)
FNDA:0,(anonymous_15)
DA:14,1
DA:18,1
DA:22,1
DA:24,1
DA:25,1
DA:26,1
DA:31,0
DA:32,0
DA:37,0
DA:38,0
DA:39,0
DA:40,0
DA:47,0
DA:48,0
DA:53,0
DA:54,0
DA:55,0
DA:61,0
DA:64,0
DA:69,0
DA:70,0
DA:71,0
DA:72,0
DA:79,0
DA:80,0
DA:81,0
DA:85,0
DA:86,0
DA:88,0
LF:29
LH:6
BRF:0
BRH:0
end_of_record
TN:
SF:D:/var/www/budgalope/web/src/app/store/entity/budget-data.service.ts
FN:17,(anonymous_2)
FN:25,(anonymous_3)
FN:31,(anonymous_4)
FN:35,(anonymous_5)
FN:39,(anonymous_6)
FN:41,(anonymous_7)
FN:44,(anonymous_8)
FN:45,(anonymous_9)
FN:54,(anonymous_10)
FNF:9
FNH:2
FNDA:1,(anonymous_2)
FNDA:1,(anonymous_3)
FNDA:0,(anonymous_4)
FNDA:0,(anonymous_5)
FNDA:0,(anonymous_6)
FNDA:0,(anonymous_7)
FNDA:0,(anonymous_8)
FNDA:0,(anonymous_9)
FNDA:0,(anonymous_10)
DA:14,1
DA:18,1
DA:21,1
DA:22,1
DA:24,1
DA:25,1
DA:26,1
DA:27,1
DA:32,0
DA:36,0
DA:40,0
DA:41,0
DA:45,0
DA:46,0
DA:47,0
DA:48,0
DA:55,0
DA:56,0
DA:57,0
LF:19
LH:8
BRF:0
BRH:0
end_of_record
TN:
SF:D:/var/www/budgalope/web/src/app/store/entity/category-data.service.ts
FN:17,(anonymous_2)
FN:26,(anonymous_3)
FN:35,(anonymous_4)
FN:40,(anonymous_5)
FN:47,(anonymous_6)
FN:51,(anonymous_7)
FN:55,(anonymous_8)
FN:56,(anonymous_9)
FN:65,(anonymous_10)
FN:72,(anonymous_11)
FN:73,(anonymous_12)
FN:82,(anonymous_13)
FN:86,(anonymous_14)
FN:90,(anonymous_15)
FN:93,(anonymous_16)
FNF:15
FNH:2
FNDA:1,(anonymous_2)
FNDA:1,(anonymous_3)
FNDA:0,(anonymous_4)
FNDA:0,(anonymous_5)
FNDA:0,(anonymous_6)
FNDA:0,(anonymous_7)
FNDA:0,(anonymous_8)
FNDA:0,(anonymous_9)
FNDA:0,(anonymous_10)
FNDA:0,(anonymous_11)
FNDA:0,(anonymous_12)
FNDA:0,(anonymous_13)
FNDA:0,(anonymous_14)
FNDA:0,(anonymous_15)
FNDA:0,(anonymous_16)
DA:14,1
DA:18,1
DA:22,1
DA:24,1
DA:26,1
DA:27,1
DA:28,1
DA:36,0
DA:41,0
DA:42,0
DA:48,0
DA:51,0
DA:56,0
DA:57,0
DA:58,0
DA:59,0
DA:66,0
DA:73,0
DA:74,0
DA:75,0
DA:76,0
DA:84,0
DA:85,0
DA:86,0
DA:91,0
DA:92,0
DA:93,0
LF:27
LH:7
BRF:0
BRH:0
end_of_record
TN:
SF:D:/var/www/budgalope/web/src/app/store/entity/user-data.service.ts
FN:17,(anonymous_2)
FN:25,(anonymous_3)
FN:31,(anonymous_4)
FN:35,(anonymous_5)
FN:37,(anonymous_6)
FN:40,(anonymous_7)
FN:41,(anonymous_8)
FN:50,(anonymous_9)
FNF:8
FNH:2
FNDA:1,(anonymous_2)
FNDA:1,(anonymous_3)
FNDA:0,(anonymous_4)
FNDA:0,(anonymous_5)
FNDA:0,(anonymous_6)
FNDA:0,(anonymous_7)
FNDA:0,(anonymous_8)
FNDA:0,(anonymous_9)
DA:14,1
DA:18,1
DA:22,1
DA:24,1
DA:25,1
DA:26,1
DA:27,1
DA:32,0
DA:36,0
DA:37,0
DA:41,0
DA:42,0
DA:43,0
DA:44,0
DA:51,0
DA:52,0
DA:53,0
LF:17
LH:7
BRF:0
BRH:0
end_of_record
TN:
SF:D:/var/www/budgalope/web/src/app/transactions/transaction.service.ts
FN:23,TransactionFilter
FN:26,(anonymous_10)
FN:30,(anonymous_11)
FN:33,(anonymous_12)
FN:46,(anonymous_13)
FN:57,(anonymous_14)
FN:100,(anonymous_15)
FN:102,(anonymous_16)
FN:109,(anonymous_17)
FN:112,(anonymous_18)
FN:124,(anonymous_19)
FN:165,(anonymous_20)
FN:165,(anonymous_21)
FN:182,(anonymous_22)
FN:190,(anonymous_23)
FN:195,(anonymous_24)
FN:196,(anonymous_25)
FN:213,(anonymous_26)
FN:213,(anonymous_27)
FN:222,(anonymous_28)
FN:223,(anonymous_29)
FN:226,(anonymous_30)
FN:226,(anonymous_31)
FN:264,(anonymous_32)
FN:279,(anonymous_34)
FN:307,(anonymous_36)
FN:337,(anonymous_38)
FN:346,(anonymous_39)
FN:349,(anonymous_40)
FN:381,(anonymous_41)
FN:424,(anonymous_43)
FN:429,(anonymous_44)
FN:464,(anonymous_45)
FN:484,(anonymous_46)
FNF:34
FNH:20
FNDA:0,TransactionFilter
FNDA:0,(anonymous_10)
FNDA:0,(anonymous_11)
FNDA:0,(anonymous_12)
FNDA:14,(anonymous_13)
FNDA:2,(anonymous_14)
FNDA:1,(anonymous_15)
FNDA:3,(anonymous_16)
FNDA:1,(anonymous_17)
FNDA:2,(anonymous_18)
FNDA:8,(anonymous_19)
FNDA:2,(anonymous_20)
FNDA:2,(anonymous_21)
FNDA:0,(anonymous_22)
FNDA:0,(anonymous_23)
FNDA:0,(anonymous_24)
FNDA:0,(anonymous_25)
FNDA:0,(anonymous_26)
FNDA:0,(anonymous_27)
FNDA:1,(anonymous_28)
FNDA:1,(anonymous_29)
FNDA:1,(anonymous_30)
FNDA:1,(anonymous_31)
FNDA:0,(anonymous_32)
FNDA:6,(anonymous_34)
FNDA:6,(anonymous_36)
FNDA:6,(anonymous_38)
FNDA:6,(anonymous_39)
FNDA:6,(anonymous_40)
FNDA:6,(anonymous_41)
FNDA:0,(anonymous_43)
FNDA:0,(anonymous_44)
FNDA:0,(anonymous_45)
FNDA:2,(anonymous_46)
DA:24,0
DA:25,0
DA:26,0
DA:29,0
DA:30,0
DA:32,0
DA:33,0
DA:34,0
DA:37,0
DA:41,1
DA:48,14
DA:49,14
DA:50,14
DA:51,14
DA:52,14
DA:54,14
DA:61,2
DA:63,2
DA:67,0
DA:70,2
DA:71,1
DA:72,1
DA:73,0
DA:75,1
DA:76,1
DA:77,1
DA:81,1
DA:82,1
DA:84,0
DA:85,0
DA:87,1
DA:88,1
DA:89,1
DA:94,2
DA:95,2
DA:96,2
DA:101,1
DA:102,1
DA:103,3
DA:106,3
DA:109,1
DA:118,2
DA:119,2
DA:120,2
DA:121,2
DA:122,2
DA:124,2
DA:125,8
DA:126,8
DA:129,8
DA:130,8
DA:131,8
DA:132,8
DA:133,8
DA:134,8
DA:135,8
DA:139,8
DA:140,8
DA:141,8
DA:142,8
DA:143,2
DA:145,6
DA:147,8
DA:154,8
DA:156,8
DA:158,8
DA:160,8
DA:161,8
DA:162,8
DA:165,2
DA:166,2
DA:170,2
DA:178,2
DA:188,0
DA:189,0
DA:191,0
DA:196,0
DA:198,0
DA:199,0
DA:201,0
DA:202,0
DA:203,0
DA:204,0
DA:206,0
DA:207,0
DA:209,0
DA:213,0
DA:214,0
DA:215,0
DA:216,0
DA:217,0
DA:223,1
DA:224,1
DA:226,1
DA:229,1
DA:232,1
DA:234,1
DA:239,1
DA:240,1
DA:241,1
DA:242,1
DA:252,1
DA:258,1
DA:259,1
DA:265,0
DA:267,0
DA:268,0
DA:274,0
DA:280,6
DA:283,6
DA:286,6
DA:289,6
DA:298,6
DA:304,6
DA:313,6
DA:314,0
DA:320,0
DA:326,6
DA:328,2
DA:343,6
DA:344,6
DA:345,6
DA:346,6
DA:348,6
DA:349,6
DA:351,6
DA:354,6
DA:356,5
DA:357,5
DA:358,5
DA:359,5
DA:367,5
DA:368,5
DA:369,5
DA:370,5
DA:385,6
DA:390,2
DA:392,1
DA:399,1
DA:407,1
DA:414,1
DA:426,0
DA:430,0
DA:433,0
DA:434,0
DA:435,0
DA:436,0
DA:438,0
DA:439,0
DA:440,0
DA:442,0
DA:449,0
DA:453,0
DA:454,0
DA:455,0
DA:456,0
DA:457,0
DA:458,0
DA:460,0
DA:465,0
DA:467,0
DA:468,0
DA:469,0
DA:470,0
DA:471,0
DA:472,0
DA:476,0
DA:488,2
DA:489,2
DA:490,2
DA:491,2
DA:492,2
DA:495,2
DA:496,2
DA:497,2
DA:498,2
DA:506,2
DA:508,2
DA:514,2
DA:516,0
LF:180
LH:116
BRDA:24,0,0,0
BRDA:24,0,1,0
BRDA:29,1,0,0
BRDA:29,1,1,0
BRDA:32,2,0,0
BRDA:32,2,1,0
BRDA:63,3,0,0
BRDA:63,3,1,2
BRDA:64,4,0,2
BRDA:64,4,1,1
BRDA:72,5,0,0
BRDA:72,5,1,1
BRDA:81,6,0,1
BRDA:81,6,1,0
BRDA:81,7,0,1
BRDA:81,7,1,1
BRDA:82,8,0,0
BRDA:82,8,1,1
BRDA:137,9,0,6
BRDA:137,9,1,2
BRDA:142,10,0,2
BRDA:142,10,1,6
BRDA:198,11,0,0
BRDA:198,11,1,0
BRDA:203,12,0,0
BRDA:203,12,1,0
BRDA:206,13,0,0
BRDA:206,13,1,0
BRDA:216,14,0,0
BRDA:216,14,1,0
BRDA:230,15,0,0
BRDA:230,15,1,1
BRDA:240,16,0,1
BRDA:240,16,1,0
BRDA:267,17,0,0
BRDA:267,17,1,0
BRDA:270,18,0,0
BRDA:270,18,1,0
BRDA:313,19,0,0
BRDA:313,19,1,6
BRDA:313,20,0,6
BRDA:313,20,1,2
BRDA:326,21,0,2
BRDA:326,21,1,4
BRDA:326,22,0,6
BRDA:326,22,1,2
BRDA:354,23,0,5
BRDA:354,23,1,1
BRDA:354,24,0,6
BRDA:354,24,1,2
BRDA:354,24,2,2
BRDA:357,25,0,5
BRDA:357,25,1,0
BRDA:368,26,0,5
BRDA:368,26,1,0
BRDA:385,27,0,2
BRDA:385,27,1,4
BRDA:386,28,0,6
BRDA:386,28,1,6
BRDA:390,29,0,1
BRDA:390,29,1,1
BRDA:433,30,0,0
BRDA:433,30,1,0
BRDA:468,31,0,0
BRDA:468,31,1,0
BRDA:496,32,0,2
BRDA:496,32,1,0
BRDA:506,33,0,2
BRDA:506,33,1,0
BRF:69
BRH:36
end_of_record
TN:
SF:D:/var/www/budgalope/web/src/app/transactions/transactions.component.ts
FN:41,(anonymous_10)
FN:52,(anonymous_11)
FN:56,(anonymous_12)
FN:66,(anonymous_13)
FN:69,(anonymous_14)
FN:90,(anonymous_15)
FN:95,(anonymous_16)
FN:96,(anonymous_17)
FN:96,(anonymous_18)
FN:101,(anonymous_19)
FN:108,(anonymous_20)
FN:113,(anonymous_21)
FN:122,(anonymous_22)
FN:127,(anonymous_23)
FN:136,(anonymous_24)
FN:141,(anonymous_25)
FN:145,(anonymous_26)
FN:149,(anonymous_27)
FN:154,(anonymous_28)
FN:159,(anonymous_29)
FN:177,(anonymous_31)
FN:188,(anonymous_32)
FN:190,(anonymous_33)
FN:194,(anonymous_34)
FN:203,(anonymous_35)
FN:207,(anonymous_36)
FN:212,(anonymous_37)
FNF:27
FNH:12
FNDA:3,(anonymous_10)
FNDA:1,(anonymous_11)
FNDA:1,(anonymous_12)
FNDA:2,(anonymous_13)
FNDA:0,(anonymous_14)
FNDA:2,(anonymous_15)
FNDA:1,(anonymous_16)
FNDA:1,(anonymous_17)
FNDA:1,(anonymous_18)
FNDA:0,(anonymous_19)
FNDA:0,(anonymous_20)
FNDA:0,(anonymous_21)
FNDA:0,(anonymous_22)
FNDA:0,(anonymous_23)
FNDA:0,(anonymous_24)
FNDA:0,(anonymous_25)
FNDA:0,(anonymous_26)
FNDA:0,(anonymous_27)
FNDA:0,(anonymous_28)
FNDA:0,(anonymous_29)
FNDA:1,(anonymous_31)
FNDA:1,(anonymous_32)
FNDA:0,(anonymous_33)
FNDA:0,(anonymous_34)
FNDA:1,(anonymous_35)
FNDA:0,(anonymous_36)
FNDA:2,(anonymous_37)
DA:23,1
DA:24,3
DA:26,3
DA:32,3
DA:35,3
DA:36,3
DA:42,3
DA:43,3
DA:44,3
DA:45,3
DA:46,3
DA:47,3
DA:49,3
DA:53,1
DA:57,1
DA:58,1
DA:59,1
DA:60,1
DA:64,1
DA:67,2
DA:68,0
DA:69,0
DA:70,0
DA:71,0
DA:75,2
DA:76,0
DA:78,2
DA:79,0
DA:81,2
DA:91,2
DA:92,2
DA:96,1
DA:102,0
DA:106,0
DA:108,0
DA:109,0
DA:114,0
DA:122,0
DA:123,0
DA:128,0
DA:136,0
DA:137,0
DA:142,0
DA:146,0
DA:150,0
DA:151,0
DA:155,0
DA:156,0
DA:160,0
DA:161,0
DA:162,0
DA:163,0
DA:164,0
DA:166,0
DA:172,1
DA:175,1
DA:178,1
DA:179,1
DA:181,1
DA:182,1
DA:185,1
DA:188,1
DA:189,1
DA:190,0
DA:191,0
DA:192,0
DA:194,0
DA:195,0
DA:196,0
DA:198,0
DA:199,0
DA:204,1
DA:208,0
DA:209,0
DA:217,2
DA:223,2
DA:224,0
DA:226,2
DA:227,2
DA:228,2
LF:80
LH:41
BRDA:67,0,0,0
BRDA:67,0,1,2
BRDA:70,1,0,0
BRDA:70,1,1,0
BRDA:75,2,0,0
BRDA:75,2,1,2
BRDA:78,3,0,0
BRDA:78,3,1,2
BRDA:161,4,0,0
BRDA:161,4,1,0
BRDA:163,5,0,0
BRDA:163,5,1,0
BRDA:189,6,0,0
BRDA:189,6,1,1
BRDA:195,7,0,0
BRDA:195,7,1,0
BRDA:223,8,0,0
BRDA:223,8,1,2
BRF:18
BRH:5
end_of_record
TN:
SF:D:/var/www/budgalope/web/src/app/transactions/import/import.component.ts
FN:18,(anonymous_5)
FN:26,(anonymous_6)
FN:28,(anonymous_7)
FN:36,(anonymous_8)
FN:44,(anonymous_9)
FN:57,(anonymous_10)
FN:61,(anonymous_11)
FN:66,(anonymous_12)
FNF:8
FNH:2
FNDA:1,(anonymous_5)
FNDA:1,(anonymous_6)
FNDA:0,(anonymous_7)
FNDA:0,(anonymous_8)
FNDA:0,(anonymous_9)
FNDA:0,(anonymous_10)
FNDA:0,(anonymous_11)
FNDA:0,(anonymous_12)
DA:14,1
DA:19,1
DA:20,1
DA:21,1
DA:22,1
DA:23,1
DA:29,0
DA:30,0
DA:31,0
DA:33,0
DA:34,0
DA:35,0
DA:36,0
DA:38,0
DA:42,0
DA:44,0
DA:45,0
DA:46,0
DA:47,0
DA:58,0
DA:62,0
DA:67,0
LF:22
LH:6
BRDA:29,0,0,0
BRDA:29,0,1,0
BRF:2
BRH:0
end_of_record
TN:
SF:D:/var/www/budgalope/web/src/app/transactions/transaction/transaction.component.ts
FN:42,(anonymous_12)
FN:55,(anonymous_13)
FN:61,(anonymous_14)
FN:64,(anonymous_15)
FN:74,(anonymous_16)
FN:81,(anonymous_17)
FN:83,(anonymous_18)
FN:85,(anonymous_19)
FN:91,(anonymous_20)
FN:103,(anonymous_21)
FN:108,(anonymous_22)
FN:126,(anonymous_23)
FN:130,(anonymous_24)
FN:136,(anonymous_25)
FN:150,(anonymous_26)
FN:172,(anonymous_27)
FN:182,(anonymous_28)
FN:185,(anonymous_29)
FN:191,(anonymous_30)
FN:195,(anonymous_31)
FN:203,(anonymous_32)
FN:209,(anonymous_33)
FN:231,(anonymous_34)
FN:242,(anonymous_35)
FN:253,(anonymous_36)
FN:271,(anonymous_38)
FN:294,(anonymous_39)
FN:312,(anonymous_40)
FN:315,(anonymous_41)
FN:335,(anonymous_42)
FN:345,(anonymous_43)
FN:351,(anonymous_44)
FNF:32
FNH:25
FNDA:8,(anonymous_12)
FNDA:6,(anonymous_13)
FNDA:6,(anonymous_14)
FNDA:6,(anonymous_15)
FNDA:6,(anonymous_16)
FNDA:6,(anonymous_17)
FNDA:2,(anonymous_18)
FNDA:2,(anonymous_19)
FNDA:14,(anonymous_20)
FNDA:8,(anonymous_21)
FNDA:6,(anonymous_22)
FNDA:6,(anonymous_23)
FNDA:6,(anonymous_24)
FNDA:0,(anonymous_25)
FNDA:0,(anonymous_26)
FNDA:6,(anonymous_27)
FNDA:0,(anonymous_28)
FNDA:6,(anonymous_29)
FNDA:12,(anonymous_30)
FNDA:1,(anonymous_31)
FNDA:1,(anonymous_32)
FNDA:0,(anonymous_33)
FNDA:0,(anonymous_34)
FNDA:0,(anonymous_35)
FNDA:3,(anonymous_36)
FNDA:3,(anonymous_38)
FNDA:3,(anonymous_39)
FNDA:1,(anonymous_40)
FNDA:1,(anonymous_41)
FNDA:1,(anonymous_42)
FNDA:4,(anonymous_43)
FNDA:0,(anonymous_44)
DA:25,1
DA:27,8
DA:28,8
DA:30,8
DA:38,8
DA:39,8
DA:40,8
DA:43,8
DA:44,8
DA:45,8
DA:46,8
DA:47,8
DA:48,8
DA:49,8
DA:50,8
DA:51,8
DA:52,8
DA:56,6
DA:58,6
DA:62,6
DA:65,6
DA:66,6
DA:68,6
DA:71,6
DA:75,6
DA:78,6
DA:82,6
DA:83,2
DA:85,6
DA:86,2
DA:91,6
DA:92,14
DA:93,8
DA:95,6
DA:96,6
DA:99,6
DA:104,8
DA:105,8
DA:109,6
DA:111,6
DA:123,6
DA:127,6
DA:131,6
DA:135,6
DA:136,0
DA:139,6
DA:140,6
DA:141,6
DA:142,6
DA:143,6
DA:144,6
DA:145,6
DA:146,6
DA:147,6
DA:148,6
DA:150,6
DA:151,0
DA:154,6
DA:162,6
DA:169,6
DA:173,6
DA:179,6
DA:183,0
DA:186,6
DA:187,6
DA:192,12
DA:197,1
DA:198,1
DA:199,0
DA:201,1
DA:204,1
DA:210,0
DA:212,0
DA:213,0
DA:214,0
DA:215,0
DA:216,0
DA:217,0
DA:218,0
DA:219,0
DA:220,0
DA:222,0
DA:232,0
DA:235,0
DA:238,0
DA:240,0
DA:243,0
DA:244,0
DA:254,3
DA:255,3
DA:256,3
DA:257,3
DA:258,3
DA:260,3
DA:261,3
DA:264,3
DA:267,3
DA:268,3
DA:276,3
DA:288,3
DA:295,3
DA:306,3
DA:313,1
DA:314,1
DA:316,1
DA:321,1
DA:326,1
DA:327,1
DA:328,1
DA:330,0
DA:333,1
DA:336,1
DA:337,1
DA:339,1
DA:340,1
DA:341,1
DA:346,4
DA:352,0
DA:353,0
DA:354,0
DA:355,0
LF:121
LH:95
BRDA:87,0,0,2
BRDA:87,0,1,2
BRDA:87,1,0,2
BRDA:87,1,1,2
BRDA:92,2,0,8
BRDA:92,2,1,6
BRDA:145,3,0,6
BRDA:145,3,1,0
BRDA:147,4,0,6
BRDA:147,4,1,0
BRDA:197,5,0,1
BRDA:197,5,1,0
BRDA:198,6,0,0
BRDA:198,6,1,1
BRDA:212,7,0,0
BRDA:212,7,1,0
BRDA:215,8,0,0
BRDA:215,8,1,0
BRDA:218,9,0,0
BRDA:218,9,1,0
BRDA:327,10,0,1
BRDA:327,10,1,0
BRF:22
BRH:11
end_of_record
TN:
SF:D:/var/www/budgalope/web/src/testing/activate-route-stub.ts
FN:16,(anonymous_0)
FN:22,(anonymous_1)
FNF:2
FNH:2
FNDA:22,(anonymous_0)
FNDA:41,(anonymous_1)
DA:11,22
DA:14,22
DA:17,22
DA:23,41
LF:4
LH:4
BRF:0
BRH:0
end_of_record
TN:
SF:D:/var/www/budgalope/web/src/testing/route-link-directive-stub.ts
FN:11,(anonymous_2)
FN:15,(anonymous_3)
FNF:2
FNH:1
FNDA:4,(anonymous_2)
FNDA:0,(anonymous_3)
DA:11,1
DA:12,1
DA:13,4
DA:16,0
DA:28,1
LF:5
LH:4
BRF:0
BRH:0
end_of_record
